<?xml version="1.0" encoding="utf-8"?><testsuites name="pytest tests"><testsuite name="pytest" errors="0" failures="0" skipped="0" tests="11" time="1.818" timestamp="2026-05-28T17:51:38.915464+00:00" hostname="agent-env-e7960fdb-573a-4f9c-96a5-8a1ddd49900b"><testcase classname="backend.tests.backend_test" name="test_root" time="0.203" /><testcase classname="backend.tests.backend_test" name="test_movies" time="0.163" /><testcase classname="backend.tests.backend_test" name="test_restaurants[Italian]" time="0.129" /><testcase classname="backend.tests.backend_test" name="test_restaurants[Mexican]" time="0.147" /><testcase classname="backend.tests.backend_test" name="test_restaurants[Asian]" time="0.164" /><testcase classname="backend.tests.backend_test" name="test_restaurants[American]" time="0.134" /><testcase classname="backend.tests.backend_test" name="test_restaurants[Seafood]" time="0.120" /><testcase classname="backend.tests.backend_test" name="test_restaurants[Steakhouse]" time="0.136" /><testcase classname="backend.tests.backend_test" name="test_restaurants_missing_param" time="0.121" /><testcase classname="backend.tests.backend_test" name="test_send_email" time="0.146" /><testcase classname="backend.tests.backend_test" name="test_send_email_missing" time="0.114" /></testsuite></testsuites>